2025-06-27 21:22:53,777 INFO o.a.j.u.JMeterUtils: Setting Locale to en_EN
2025-06-27 21:22:53,800 INFO o.a.j.JMeter: Loading user properties from: C:\Program Files\apache-jmeter-5.6.3\apache-jmeter-5.6.3\bin\user.properties
2025-06-27 21:22:53,805 INFO o.a.j.JMeter: Loading system properties from: C:\Program Files\apache-jmeter-5.6.3\apache-jmeter-5.6.3\bin\system.properties
2025-06-27 21:22:53,826 INFO o.a.j.JMeter: Copyright (c) 1998-2024 The Apache Software Foundation
2025-06-27 21:22:53,826 INFO o.a.j.JMeter: Version 5.6.3
2025-06-27 21:22:53,826 INFO o.a.j.JMeter: java.version=21.0.6
2025-06-27 21:22:53,833 INFO o.a.j.JMeter: java.vm.name=Java HotSpot(TM) 64-Bit Server VM
2025-06-27 21:22:53,833 INFO o.a.j.JMeter: os.name=Windows 11
2025-06-27 21:22:53,833 INFO o.a.j.JMeter: os.arch=amd64
2025-06-27 21:22:53,833 INFO o.a.j.JMeter: os.version=10.0
2025-06-27 21:22:53,833 INFO o.a.j.JMeter: file.encoding=UTF-8
2025-06-27 21:22:53,833 INFO o.a.j.JMeter: java.awt.headless=true
2025-06-27 21:22:53,833 INFO o.a.j.JMeter: Max memory     =1073741824
2025-06-27 21:22:53,833 INFO o.a.j.JMeter: Available Processors =8
2025-06-27 21:22:53,845 INFO o.a.j.JMeter: Default Locale=English (EN)
2025-06-27 21:22:53,845 INFO o.a.j.JMeter: JMeter  Locale=English (EN)
2025-06-27 21:22:53,845 INFO o.a.j.JMeter: JMeterHome=C:\Program Files\apache-jmeter-5.6.3\apache-jmeter-5.6.3
2025-06-27 21:22:53,845 INFO o.a.j.JMeter: user.dir  =C:\Users\yuvar\Downloads\JmeterOrangeHrmProject
2025-06-27 21:22:53,845 INFO o.a.j.JMeter: PWD       =C:\Users\yuvar\Downloads\JmeterOrangeHrmProject
2025-06-27 21:22:53,850 INFO o.a.j.JMeter: IP: 192.168.209.139 Name: YUVARAJ_UV FullName: YUVARAJ_UV
2025-06-27 21:22:53,863 INFO o.a.j.JMeter: Setting property 'jmeter.reportgenerator.outputdir' to:'C:\Users\yuvar\Downloads\JmeterOrangeHrmProject\report'
2025-06-27 21:22:53,870 INFO o.a.j.r.d.ReportGenerator: ReportGenerator will use for Parsing the separator: ','
2025-06-27 21:22:53,870 INFO o.a.j.r.d.ReportGenerator: Will only generate report from results file: results.jtl
2025-06-27 21:22:53,870 INFO o.a.j.r.d.ReportGenerator: Reading report generator properties from: C:\Program Files\apache-jmeter-5.6.3\apache-jmeter-5.6.3\bin\reportgenerator.properties
2025-06-27 21:22:53,874 INFO o.a.j.r.d.ReportGenerator: Merging with JMeter properties
2025-06-27 21:22:53,882 INFO o.a.j.r.c.ReportGeneratorConfiguration: Property 'jmeter.reportgenerator.temp_dir' not found, using default value 'temp' instead.
2025-06-27 21:22:53,904 INFO o.a.j.r.c.ReportGeneratorConfiguration: Property 'jmeter.reportgenerator.apdex_per_transaction' not found, using default value 'null' instead.
2025-06-27 21:22:53,918 INFO o.a.j.r.c.ReportGeneratorConfiguration: apdex_per_transaction is empty, not APDEX per transaction customization
2025-06-27 21:22:53,919 INFO o.a.j.r.c.ReportGeneratorConfiguration: Property 'jmeter.reportgenerator.sample_filter' not found, using default value 'null' instead.
2025-06-27 21:22:53,919 INFO o.a.j.r.c.ReportGeneratorConfiguration: Property 'jmeter.reportgenerator.report_title' not found, using default value 'null' instead.
2025-06-27 21:22:53,919 INFO o.a.j.r.c.ReportGeneratorConfiguration: Property 'jmeter.reportgenerator.start_date' not found, using default value 'null' instead.
2025-06-27 21:22:53,919 INFO o.a.j.r.c.ReportGeneratorConfiguration: Property 'jmeter.reportgenerator.end_date' not found, using default value 'null' instead.
2025-06-27 21:22:53,919 INFO o.a.j.r.c.ReportGeneratorConfiguration: Property 'jmeter.reportgenerator.date_format' not found, using default value 'null' instead.
2025-06-27 21:22:53,920 INFO o.a.j.r.c.ReportGeneratorConfiguration: Will use date range start date: null, end date: null
2025-06-27 21:22:53,922 INFO o.a.j.r.c.ReportGeneratorConfiguration: Property 'jmeter.reportgenerator.graph.totalTPS.exclude_controllers' not found, using default value 'false' instead.
2025-06-27 21:22:53,922 INFO o.a.j.r.c.ReportGeneratorConfiguration: Property 'jmeter.reportgenerator.graph.activeThreadsOverTime.exclude_controllers' not found, using default value 'false' instead.
2025-06-27 21:22:53,922 INFO o.a.j.r.c.ReportGeneratorConfiguration: Property 'jmeter.reportgenerator.graph.timeVsThreads.exclude_controllers' not found, using default value 'false' instead.
2025-06-27 21:22:53,922 INFO o.a.j.r.c.ReportGeneratorConfiguration: Property 'jmeter.reportgenerator.graph.responseTimeDistribution.exclude_controllers' not found, using default value 'false' instead.
2025-06-27 21:22:53,922 INFO o.a.j.r.c.ReportGeneratorConfiguration: Property 'jmeter.reportgenerator.graph.transactionsPerSecond.exclude_controllers' not found, using default value 'false' instead.
2025-06-27 21:22:53,922 INFO o.a.j.r.c.ReportGeneratorConfiguration: Property 'jmeter.reportgenerator.graph.responseTimePercentiles.exclude_controllers' not found, using default value 'false' instead.
2025-06-27 21:22:53,922 INFO o.a.j.r.c.ReportGeneratorConfiguration: Property 'jmeter.reportgenerator.graph.responseTimePercentilesOverTime.exclude_controllers' not found, using default value 'false' instead.
2025-06-27 21:22:53,922 INFO o.a.j.r.c.ReportGeneratorConfiguration: Property 'jmeter.reportgenerator.graph.responseTimesOverTime.exclude_controllers' not found, using default value 'false' instead.
2025-06-27 21:22:53,922 INFO o.a.j.r.c.ReportGeneratorConfiguration: Property 'jmeter.reportgenerator.graph.connectTimeOverTime.exclude_controllers' not found, using default value 'false' instead.
2025-06-27 21:22:53,922 INFO o.a.j.r.c.ReportGeneratorConfiguration: Property 'jmeter.reportgenerator.graph.latenciesOverTime.exclude_controllers' not found, using default value 'false' instead.
2025-06-27 21:22:53,927 INFO o.a.j.r.c.ReportGeneratorConfiguration: Property 'jmeter.reportgenerator.exporter.json.filters_only_sample_series' not found, using default value 'true' instead.
2025-06-27 21:22:53,927 INFO o.a.j.r.c.ReportGeneratorConfiguration: Property 'jmeter.reportgenerator.exporter.json.series_filter' not found, using default value '' instead.
2025-06-27 21:22:53,927 INFO o.a.j.r.c.ReportGeneratorConfiguration: Property 'jmeter.reportgenerator.exporter.json.show_controllers_only' not found, using default value 'false' instead.
2025-06-27 21:22:53,927 INFO o.a.j.r.c.ReportGeneratorConfiguration: Property 'jmeter.reportgenerator.exporter.html.filters_only_sample_series' not found, using default value 'true' instead.
2025-06-27 21:22:53,927 INFO o.a.j.r.c.ReportGeneratorConfiguration: Property 'jmeter.reportgenerator.exporter.html.series_filter' not found, using default value '' instead.
2025-06-27 21:22:53,927 INFO o.a.j.r.c.ReportGeneratorConfiguration: Property 'jmeter.reportgenerator.exporter.html.show_controllers_only' not found, using default value 'false' instead.
2025-06-27 21:22:54,202 INFO o.a.j.s.SaveService: Testplan (JMX) version: 2.2. Testlog (JTL) version: 2.2
2025-06-27 21:22:54,267 INFO o.a.j.s.SaveService: Using SaveService properties version 5.0
2025-06-27 21:22:54,267 INFO o.a.j.s.SaveService: Using SaveService properties file encoding UTF-8
2025-06-27 21:22:54,298 INFO o.a.j.r.p.NormalizerSampleConsumer: Using format, 'ms', to parse timeStamp field
2025-06-27 21:22:54,481 INFO o.a.j.r.p.AbstractSampleConsumer: class org.apache.jmeter.report.processor.AggregateConsumer#stopProducing(): beginDate produced 0 samples
2025-06-27 21:22:54,481 INFO o.a.j.r.p.AbstractSampleConsumer: class org.apache.jmeter.report.processor.AggregateConsumer#stopProducing(): endDate produced 0 samples
2025-06-27 21:22:54,487 INFO o.a.j.r.p.AbstractSampleConsumer: class org.apache.jmeter.report.processor.ApdexSummaryConsumer#stopProducing(): apdexSummary produced 0 samples
2025-06-27 21:22:54,487 INFO o.a.j.r.p.AbstractSampleConsumer: class org.apache.jmeter.report.processor.RequestsSummaryConsumer#stopProducing(): requestsSummary produced 0 samples
2025-06-27 21:22:54,495 INFO o.a.j.r.p.AbstractSampleConsumer: class org.apache.jmeter.report.processor.StatisticsSummaryConsumer#stopProducing(): statisticsSummary produced 0 samples
2025-06-27 21:22:54,497 INFO o.a.j.r.p.AbstractSampleConsumer: class org.apache.jmeter.report.processor.Top5ErrorsBySamplerConsumer#stopProducing(): top5ErrorsBySampler produced 0 samples
2025-06-27 21:22:54,497 INFO o.a.j.r.p.AbstractSampleConsumer: class org.apache.jmeter.report.processor.ErrorsSummaryConsumer#stopProducing(): errorsSummary produced 0 samples
2025-06-27 21:22:54,497 INFO o.a.j.r.p.AbstractSampleConsumer: class org.apache.jmeter.report.processor.graph.impl.HitsPerSecondGraphConsumer#stopProducing(): hitsPerSecond produced 0 samples
2025-06-27 21:22:54,523 INFO o.a.j.r.p.AbstractSampleConsumer: class org.apache.jmeter.report.processor.graph.impl.LatencyVSRequestGraphConsumer#stopProducing(): latencyVsRequest produced 0 samples
2025-06-27 21:22:54,523 INFO o.a.j.r.p.AbstractSampleConsumer: class org.apache.jmeter.report.processor.graph.impl.SyntheticResponseTimeDistributionGraphConsumer#stopProducing(): syntheticResponseTimeDistribution produced 0 samples
2025-06-27 21:22:54,525 INFO o.a.j.r.p.AbstractSampleConsumer: class org.apache.jmeter.report.processor.graph.impl.BytesThroughputGraphConsumer#stopProducing(): bytesThroughputOverTime produced 0 samples
2025-06-27 21:22:54,525 INFO o.a.j.r.p.AbstractSampleConsumer: class org.apache.jmeter.report.processor.graph.impl.CodesPerSecondGraphConsumer#stopProducing(): codesPerSecond produced 0 samples
2025-06-27 21:22:54,532 INFO o.a.j.r.p.AbstractSampleConsumer: class org.apache.jmeter.report.processor.graph.impl.ResponseTimeVSRequestGraphConsumer#stopProducing(): responseTimeVsRequest produced 0 samples
2025-06-27 21:22:54,532 INFO o.a.j.r.p.AbstractSampleConsumer: class org.apache.jmeter.report.processor.FilterConsumer#stopProducing(): startIntervalControlerFilter produced 1099 samples
2025-06-27 21:22:54,532 INFO o.a.j.r.p.AbstractSampleConsumer: class org.apache.jmeter.report.processor.graph.impl.TotalTPSGraphConsumer#stopProducing(): totalTPS produced 0 samples
2025-06-27 21:22:54,532 INFO o.a.j.r.p.AbstractSampleConsumer: class org.apache.jmeter.report.processor.graph.impl.ActiveThreadsGraphConsumer#stopProducing(): activeThreadsOverTime produced 0 samples
2025-06-27 21:22:54,532 INFO o.a.j.r.p.AbstractSampleConsumer: class org.apache.jmeter.report.processor.graph.impl.TimeVSThreadGraphConsumer#stopProducing(): timeVsThreads produced 0 samples
2025-06-27 21:22:54,536 INFO o.a.j.r.p.AbstractSampleConsumer: class org.apache.jmeter.report.processor.graph.impl.ResponseTimeDistributionGraphConsumer#stopProducing(): responseTimeDistribution produced 0 samples
2025-06-27 21:22:54,536 INFO o.a.j.r.p.AbstractSampleConsumer: class org.apache.jmeter.report.processor.graph.impl.TransactionsPerSecondGraphConsumer#stopProducing(): transactionsPerSecond produced 0 samples
2025-06-27 21:22:54,536 INFO o.a.j.r.p.AbstractSampleConsumer: class org.apache.jmeter.report.processor.graph.impl.ResponseTimePercentilesGraphConsumer#stopProducing(): responseTimePercentiles produced 0 samples
2025-06-27 21:22:54,546 INFO o.a.j.r.p.AbstractSampleConsumer: class org.apache.jmeter.report.processor.graph.impl.ResponseTimePercentilesOverTimeGraphConsumer#stopProducing(): responseTimePercentilesOverTime produced 0 samples
2025-06-27 21:22:54,550 INFO o.a.j.r.p.AbstractSampleConsumer: class org.apache.jmeter.report.processor.graph.impl.ResponseTimeOverTimeGraphConsumer#stopProducing(): responseTimesOverTime produced 0 samples
2025-06-27 21:22:54,550 INFO o.a.j.r.p.AbstractSampleConsumer: class org.apache.jmeter.report.processor.graph.impl.ConnectTimeOverTimeGraphConsumer#stopProducing(): connectTimeOverTime produced 0 samples
2025-06-27 21:22:54,550 INFO o.a.j.r.p.AbstractSampleConsumer: class org.apache.jmeter.report.processor.graph.impl.LatencyOverTimeGraphConsumer#stopProducing(): latenciesOverTime produced 0 samples
2025-06-27 21:22:54,550 INFO o.a.j.r.p.AbstractSampleConsumer: class org.apache.jmeter.report.processor.FilterConsumer#stopProducing(): nameFilter produced 2430 samples
2025-06-27 21:22:54,550 INFO o.a.j.r.p.AbstractSampleConsumer: class org.apache.jmeter.report.processor.FilterConsumer#stopProducing(): dateRangeFilter produced 486 samples
2025-06-27 21:22:54,550 INFO o.a.j.r.p.AbstractSampleConsumer: class org.apache.jmeter.report.processor.NormalizerSampleConsumer#stopProducing(): normalizer produced 162 samples
2025-06-27 21:22:54,550 INFO o.a.j.r.p.CsvFileSampleSource: produce(): 162 samples produced in 208ms on channel 0
2025-06-27 21:22:54,550 INFO o.a.j.r.d.ReportGenerator: Exporting data using exporter:'json' of className:'org.apache.jmeter.report.dashboard.JsonExporter'
2025-06-27 21:22:54,663 INFO o.a.j.r.d.JsonExporter: Found data for consumer statisticsSummary in context
2025-06-27 21:22:54,663 INFO o.a.j.r.d.JsonExporter: Creating statistics for overall
2025-06-27 21:22:54,663 INFO o.a.j.r.d.JsonExporter: Creating statistics for other transactions
2025-06-27 21:22:54,663 INFO o.a.j.r.d.JsonExporter: Checking output folder
2025-06-27 21:22:54,663 INFO o.a.j.r.d.JsonExporter: Writing statistics JSON to C:\Users\yuvar\Downloads\JmeterOrangeHrmProject\report\statistics.json
2025-06-27 21:22:54,725 INFO o.a.j.r.d.ReportGenerator: Exporting data using exporter:'html' of className:'org.apache.jmeter.report.dashboard.HtmlTemplateExporter'
2025-06-27 21:22:54,729 INFO o.a.j.r.d.HtmlTemplateExporter: Will generate dashboard in folder: C:\Users\yuvar\Downloads\JmeterOrangeHrmProject\report
2025-06-27 21:22:55,022 INFO o.a.j.r.d.HtmlTemplateExporter: Report will be generated in: C:\Users\yuvar\Downloads\JmeterOrangeHrmProject\report, creating folder structure
2025-06-27 21:22:55,028 INFO o.a.j.r.d.TemplateVisitor: Copying folder from 'C:\Program Files\apache-jmeter-5.6.3\apache-jmeter-5.6.3\bin\report-template' to 'C:\Users\yuvar\Downloads\JmeterOrangeHrmProject\report', got message: C:\Users\yuvar\Downloads\JmeterOrangeHrmProject\report, found non empty folder with following content [C:\Users\yuvar\Downloads\JmeterOrangeHrmProject\report\statistics.json], will be ignored
